2025/06/29 03:35:27 main.go:40: Email sent to user
2025/06/29 03:35:29 main.go:40: Invalid user input
2025/06/29 03:35:31 main.go:40: Timeout while connecting to service
2025/06/29 03:35:33 main.go:40: Invalid user input
2025/06/29 03:35:35 main.go:40: Job queued
2025/06/29 03:35:37 main.go:40: User logged in
2025/06/29 03:46:17 main.go:40: Email sent to user
2025/06/29 03:46:19 main.go:40: File uploaded successfully
2025/06/29 03:46:21 main.go:40: User logged out
2025/06/29 03:46:23 main.go:40: User logged in
2025/06/29 03:46:25 main.go:40: Invalid user input
2025/06/29 03:46:27 main.go:40: User logged in
2025/06/29 03:46:29 main.go:40: Failed to connect to database
2025/06/29 03:46:31 main.go:40: File uploaded successfully
2025/06/29 03:46:33 main.go:40: Unexpected error occurred
2025/06/29 03:46:35 main.go:40: Timeout while connecting to service
2025/06/29 03:46:37 main.go:40: Email sent to user
2025/06/29 03:46:39 main.go:40: User logged out
2025/06/29 03:46:41 main.go:40: Job queued
2025/06/29 03:46:43 main.go:40: Timeout while connecting to service
2025/06/29 03:46:45 main.go:40: Unexpected error occurred
2025/06/29 03:46:47 main.go:40: Invalid user input
2025/06/29 03:46:49 main.go:40: Email sent to user
2025/06/29 03:46:51 main.go:40: File uploaded successfully
2025/06/29 03:46:53 main.go:40: Email sent to user
2025/06/29 03:46:55 main.go:40: Data processed successfully
2025/06/29 03:46:57 main.go:40: Data processed successfully
2025/06/29 03:46:59 main.go:40: Timeout while connecting to service
2025/06/29 03:47:01 main.go:40: Unexpected error occurred
2025/06/29 03:47:03 main.go:40: File uploaded successfully
2025/06/29 03:47:05 main.go:40: Failed to connect to database
2025/06/29 03:47:07 main.go:40: User logged in
2025/06/29 03:47:09 main.go:40: User logged out
2025/06/29 03:47:11 main.go:40: Unexpected error occurred
2025/06/29 03:47:13 main.go:40: Timeout while connecting to service
2025/06/29 03:47:15 main.go:40: File uploaded successfully
2025/06/29 03:47:17 main.go:40: File uploaded successfully
2025/06/29 03:47:19 main.go:40: Job queued
2025/06/29 03:47:21 main.go:40: Job queued
2025/06/29 03:47:23 main.go:40: Unexpected error occurred
2025/06/29 03:47:25 main.go:40: Failed to connect to database
2025/06/29 03:47:27 main.go:40: Failed to connect to database
2025/06/29 03:47:29 main.go:40: Job queued
2025/06/29 03:47:31 main.go:40: User logged in
2025/06/29 03:47:33 main.go:40: User logged in
2025/06/29 03:47:35 main.go:40: Unexpected error occurred
2025/06/29 03:47:37 main.go:40: Job queued
2025/06/29 03:47:39 main.go:40: Timeout while connecting to service
